<?xml version="1.0" encoding="UTF-8" standalone="no"?>
<testsuite errors="0" failures="1" name="io.cucumber.core.plugin.JUnitFormatter" skipped="0" tests="1" time="34.386">
<testcase classname="US1003_amazon_search_parametreli" name="TC06_parametre_kullanma" time="33.649">
<failure message="" type="java.lang.AssertionError"><![CDATA[When kullanici amazon anasayfaya gider......................................passed
And "teapot" icin arama yapar...............................................passed
Then sonucun "mehmet" icerdigini test eder..................................failed
And kullanici sayfayi kapatir...............................................skipped

StackTrace:
java.lang.AssertionError
	at org.junit.Assert.fail(Assert.java:87)
	at org.junit.Assert.assertTrue(Assert.java:42)
	at org.junit.Assert.assertTrue(Assert.java:53)
	at stepdefinitions.AmazonStepDefinitions.sonucun_icerdigini_test_eder(AmazonStepDefinitions.java:60)
	at âœ½.sonucun "mehmet" icerdigini test eder(file:///C:/Users/User/IdeaProjects/mycucumberframework/src/test/resources/features/US1003_amazon_search_parametreli.feature:8)
]]></failure>
</testcase>
</testsuite>
